<?xml version="1.0" encoding="UTF-8"?>
<!-- Generated by org.testng.reporters.JUnitReportReporter -->
<testsuite hostname="IN-PG0352AV" failures="0" tests="1" name="tests.ProductDetailsTest" time="90.081" errors="0" timestamp="02 May 2024 11:29:10 GMT" skipped="0">
  <testcase classname="tests.ProductDetailsTest" name="ProductTest" time="90.081"/>
</testsuite> <!-- tests.ProductDetailsTest -->
