<?xml version="1.0" encoding="UTF-8"?>
<!-- Generated by org.testng.reporters.JUnitReportReporter -->
<testsuite hostname="IN-PG0352AV" failures="0" tests="1" name="tests.SearchTest" time="20.716" errors="0" timestamp="07 May 2024 11:12:51 GMT" skipped="0">
  <testcase classname="tests.SearchTest" name="Searchfeature" time="20.716"/>
</testsuite> <!-- tests.SearchTest -->
