<?xml version="1.0" encoding="UTF-8"?>
<!-- Generated by org.testng.reporters.JUnitReportReporter -->
<testsuite hostname="IN-PG0352AV" failures="0" tests="1" name="tests.ProductQuantityTest" time="0.000" errors="1" timestamp="02 May 2024 11:29:10 GMT" skipped="0">
  <testcase classname="tests.ProductQuantityTest" name="AddToCarttest" time="0.000">
    <error message="
Method public void tests.ProductQuantityTest.AddToCarttest(java.lang.String) throws java.io.FileNotFoundException,java.io.IOException,java.lang.InterruptedException requires a @DataProvider named : getProductQuantity(" type="org.testng.TestNGException">
      <![CDATA[org.testng.TestNGException: 
Method public void tests.ProductQuantityTest.AddToCarttest(java.lang.String) throws java.io.FileNotFoundException,java.io.IOException,java.lang.InterruptedException requires a @DataProvider named : getProductQuantity(
	at org.testng.internal.Parameters.findDataProvider(Parameters.java:336)
	at org.testng.internal.Parameters.handleParameters(Parameters.java:498)
	at org.testng.internal.Invoker.handleParameters(Invoker.java:1308)
	at org.testng.internal.Invoker.createParameters(Invoker.java:1036)
	at org.testng.internal.Invoker.invokeTestMethods(Invoker.java:1126)
	at org.testng.internal.TestMethodWorker.invokeTestMethods(TestMethodWorker.java:126)
	at org.testng.internal.TestMethodWorker.run(TestMethodWorker.java:109)
	at org.testng.TestRunner.privateRun(TestRunner.java:744)
	at org.testng.TestRunner.run(TestRunner.java:602)
	at org.testng.SuiteRunner.runTest(SuiteRunner.java:380)
	at org.testng.SuiteRunner.access$000(SuiteRunner.java:39)
	at org.testng.SuiteRunner$SuiteWorker.run(SuiteRunner.java:414)
	at org.testng.internal.thread.ThreadUtil$1.call(ThreadUtil.java:52)
	at java.base/java.util.concurrent.FutureTask.run(FutureTask.java:264)
	at java.base/java.util.concurrent.ThreadPoolExecutor.runWorker(ThreadPoolExecutor.java:1136)
	at java.base/java.util.concurrent.ThreadPoolExecutor$Worker.run(ThreadPoolExecutor.java:635)
	at java.base/java.lang.Thread.run(Thread.java:840)
]]>
    </error>
  </testcase> <!-- AddToCarttest -->
</testsuite> <!-- tests.ProductQuantityTest -->
