<?xml version="1.0" encoding="UTF-8"?>
<!-- Generated by org.testng.reporters.JUnitReportReporter -->
<testsuite hostname="IN-PG0352AV" failures="0" tests="1" name="tests.SearchTest" time="22.228" errors="0" timestamp="2024-05-07T16:45:19 IST" skipped="0">
  <testcase classname="tests.SearchTest" name="Searchfeature" time="22.228"/>
</testsuite> <!-- tests.SearchTest -->
